{"C:\\Users\\Leona\\OneDrive\\Documents\\blog-app\\Final Project\\src\\app.js": {"path":"C:\\Users\\Leona\\OneDrive\\Documents\\blog-app\\Final Project\\src\\app.js","statementMap":{"0":{"start":{"line":13,"column":12},"end":{"line":13,"column":21}},"1":{"start":{"line":15,"column":0},"end":{"line":15,"column":18}},"2":{"start":{"line":16,"column":0},"end":{"line":16,"column":16}},"3":{"start":{"line":17,"column":0},"end":{"line":17,"column":24}},"4":{"start":{"line":18,"column":0},"end":{"line":18,"column":61}},"5":{"start":{"line":18,"column":37},"end":{"line":18,"column":61}},"6":{"start":{"line":21,"column":0},"end":{"line":26,"column":1}},"7":{"start":{"line":22,"column":2},"end":{"line":22,"column":63}},"8":{"start":{"line":24,"column":2},"end":{"line":24,"column":79}},"9":{"start":{"line":25,"column":2},"end":{"line":25,"column":13}},"10":{"start":{"line":28,"column":0},"end":{"line":28,"column":62}},"11":{"start":{"line":30,"column":0},"end":{"line":30,"column":33}},"12":{"start":{"line":31,"column":0},"end":{"line":31,"column":36}},"13":{"start":{"line":32,"column":0},"end":{"line":32,"column":36}},"14":{"start":{"line":33,"column":0},"end":{"line":33,"column":40}}},"fnMap":{},"branchMap":{"0":{"loc":{"start":{"line":18,"column":0},"end":{"line":18,"column":61}},"type":"if","locations":[{"start":{"line":18,"column":0},"end":{"line":18,"column":61}},{"start":{},"end":{}}],"line":18}},"s":{"0":4,"1":4,"2":4,"3":4,"4":4,"5":0,"6":4,"7":4,"8":0,"9":0,"10":4,"11":4,"12":4,"13":4,"14":4},"f":{},"b":{"0":[0,4]},"inputSourceMap":null,"_coverageSchema":"1a1c01bbd47fc00a2c39e90264f33305004495a9","hash":"f29a5f61f7e4b6f3068d6446b667ae4da6ff7432"}
,"C:\\Users\\Leona\\OneDrive\\Documents\\blog-app\\Final Project\\src\\prismaClient.js": {"path":"C:\\Users\\Leona\\OneDrive\\Documents\\blog-app\\Final Project\\src\\prismaClient.js","statementMap":{"0":{"start":{"line":2,"column":15},"end":{"line":2,"column":33}}},"fnMap":{},"branchMap":{},"s":{"0":4},"f":{},"b":{},"inputSourceMap":null,"_coverageSchema":"1a1c01bbd47fc00a2c39e90264f33305004495a9","hash":"6c8b6af52951c60f6a5254275f33f2fe73a3b87b"}
,"C:\\Users\\Leona\\OneDrive\\Documents\\blog-app\\Final Project\\src\\controllers\\authController.js": {"path":"C:\\Users\\Leona\\OneDrive\\Documents\\blog-app\\Final Project\\src\\controllers\\authController.js","statementMap":{"0":{"start":{"line":5,"column":19},"end":{"line":5,"column":41}},"1":{"start":{"line":9,"column":30},"end":{"line":9,"column":38}},"2":{"start":{"line":11,"column":2},"end":{"line":13,"column":3}},"3":{"start":{"line":12,"column":4},"end":{"line":12,"column":72}},"4":{"start":{"line":15,"column":2},"end":{"line":41,"column":3}},"5":{"start":{"line":16,"column":21},"end":{"line":16,"column":71}},"6":{"start":{"line":17,"column":4},"end":{"line":19,"column":5}},"7":{"start":{"line":18,"column":6},"end":{"line":18,"column":69}},"8":{"start":{"line":21,"column":17},"end":{"line":21,"column":48}},"9":{"start":{"line":22,"column":17},"end":{"line":28,"column":6}},"10":{"start":{"line":30,"column":4},"end":{"line":34,"column":7}},"11":{"start":{"line":36,"column":4},"end":{"line":36,"column":50}},"12":{"start":{"line":37,"column":4},"end":{"line":40,"column":7}},"13":{"start":{"line":46,"column":30},"end":{"line":46,"column":38}},"14":{"start":{"line":48,"column":2},"end":{"line":50,"column":3}},"15":{"start":{"line":49,"column":4},"end":{"line":49,"column":72}},"16":{"start":{"line":52,"column":2},"end":{"line":88,"column":3}},"17":{"start":{"line":53,"column":17},"end":{"line":56,"column":6}},"18":{"start":{"line":58,"column":4},"end":{"line":58,"column":37}},"19":{"start":{"line":60,"column":4},"end":{"line":62,"column":5}},"20":{"start":{"line":61,"column":6},"end":{"line":61,"column":68}},"21":{"start":{"line":64,"column":18},"end":{"line":64,"column":67}},"22":{"start":{"line":65,"column":4},"end":{"line":65,"column":49}},"23":{"start":{"line":67,"column":4},"end":{"line":69,"column":5}},"24":{"start":{"line":68,"column":6},"end":{"line":68,"column":68}},"25":{"start":{"line":72,"column":18},"end":{"line":79,"column":5}},"26":{"start":{"line":81,"column":4},"end":{"line":81,"column":36}},"27":{"start":{"line":83,"column":4},"end":{"line":83,"column":49}},"28":{"start":{"line":84,"column":4},"end":{"line":87,"column":7}}},"fnMap":{"0":{"name":"signup","decl":{"start":{"line":8,"column":22},"end":{"line":8,"column":28}},"loc":{"start":{"line":8,"column":39},"end":{"line":42,"column":1}},"line":8},"1":{"name":"login","decl":{"start":{"line":45,"column":22},"end":{"line":45,"column":27}},"loc":{"start":{"line":45,"column":38},"end":{"line":89,"column":1}},"line":45}},"branchMap":{"0":{"loc":{"start":{"line":11,"column":2},"end":{"line":13,"column":3}},"type":"if","locations":[{"start":{"line":11,"column":2},"end":{"line":13,"column":3}},{"start":{},"end":{}}],"line":11},"1":{"loc":{"start":{"line":11,"column":6},"end":{"line":11,"column":25}},"type":"binary-expr","locations":[{"start":{"line":11,"column":6},"end":{"line":11,"column":12}},{"start":{"line":11,"column":16},"end":{"line":11,"column":25}}],"line":11},"2":{"loc":{"start":{"line":17,"column":4},"end":{"line":19,"column":5}},"type":"if","locations":[{"start":{"line":17,"column":4},"end":{"line":19,"column":5}},{"start":{},"end":{}}],"line":17},"3":{"loc":{"start":{"line":26,"column":14},"end":{"line":26,"column":37}},"type":"binary-expr","locations":[{"start":{"line":26,"column":14},"end":{"line":26,"column":27}},{"start":{"line":26,"column":31},"end":{"line":26,"column":37}}],"line":26},"4":{"loc":{"start":{"line":48,"column":2},"end":{"line":50,"column":3}},"type":"if","locations":[{"start":{"line":48,"column":2},"end":{"line":50,"column":3}},{"start":{},"end":{}}],"line":48},"5":{"loc":{"start":{"line":48,"column":6},"end":{"line":48,"column":25}},"type":"binary-expr","locations":[{"start":{"line":48,"column":6},"end":{"line":48,"column":12}},{"start":{"line":48,"column":16},"end":{"line":48,"column":25}}],"line":48},"6":{"loc":{"start":{"line":60,"column":4},"end":{"line":62,"column":5}},"type":"if","locations":[{"start":{"line":60,"column":4},"end":{"line":62,"column":5}},{"start":{},"end":{}}],"line":60},"7":{"loc":{"start":{"line":67,"column":4},"end":{"line":69,"column":5}},"type":"if","locations":[{"start":{"line":67,"column":4},"end":{"line":69,"column":5}},{"start":{},"end":{}}],"line":67}},"s":{"0":4,"1":0,"2":0,"3":0,"4":0,"5":0,"6":0,"7":0,"8":0,"9":0,"10":0,"11":0,"12":0,"13":4,"14":4,"15":0,"16":4,"17":4,"18":4,"19":4,"20":0,"21":4,"22":4,"23":4,"24":0,"25":4,"26":4,"27":0,"28":0},"f":{"0":0,"1":4},"b":{"0":[0,0],"1":[0,0],"2":[0,0],"3":[0,0],"4":[0,4],"5":[4,4],"6":[0,4],"7":[0,4]},"inputSourceMap":null,"_coverageSchema":"1a1c01bbd47fc00a2c39e90264f33305004495a9","hash":"ca86e5c4a886e099c991ced577ade499bad94af9"}
,"C:\\Users\\Leona\\OneDrive\\Documents\\blog-app\\Final Project\\src\\controllers\\bookingController.js": {"path":"C:\\Users\\Leona\\OneDrive\\Documents\\blog-app\\Final Project\\src\\controllers\\bookingController.js","statementMap":{"0":{"start":{"line":5,"column":34},"end":{"line":5,"column":42}},"1":{"start":{"line":7,"column":25},"end":{"line":7,"column":43}},"2":{"start":{"line":9,"column":2},"end":{"line":11,"column":3}},"3":{"start":{"line":10,"column":4},"end":{"line":10,"column":60}},"4":{"start":{"line":13,"column":2},"end":{"line":40,"column":3}},"5":{"start":{"line":14,"column":18},"end":{"line":16,"column":6}},"6":{"start":{"line":18,"column":4},"end":{"line":20,"column":5}},"7":{"start":{"line":19,"column":6},"end":{"line":19,"column":64}},"8":{"start":{"line":22,"column":20},"end":{"line":29,"column":6}},"9":{"start":{"line":31,"column":4},"end":{"line":36,"column":7}},"10":{"start":{"line":38,"column":4},"end":{"line":38,"column":49}},"11":{"start":{"line":39,"column":4},"end":{"line":39,"column":61}},"12":{"start":{"line":45,"column":2},"end":{"line":60,"column":3}},"13":{"start":{"line":48,"column":4},"end":{"line":54,"column":5}},"14":{"start":{"line":49,"column":6},"end":{"line":49,"column":49}},"15":{"start":{"line":51,"column":6},"end":{"line":53,"column":9}},"16":{"start":{"line":56,"column":4},"end":{"line":56,"column":35}},"17":{"start":{"line":58,"column":4},"end":{"line":58,"column":47}},"18":{"start":{"line":59,"column":4},"end":{"line":59,"column":61}},"19":{"start":{"line":65,"column":13},"end":{"line":65,"column":41}},"20":{"start":{"line":67,"column":2},"end":{"line":84,"column":3}},"21":{"start":{"line":68,"column":20},"end":{"line":70,"column":6}},"22":{"start":{"line":72,"column":4},"end":{"line":74,"column":5}},"23":{"start":{"line":73,"column":6},"end":{"line":73,"column":66}},"24":{"start":{"line":76,"column":4},"end":{"line":78,"column":5}},"25":{"start":{"line":77,"column":6},"end":{"line":77,"column":63}},"26":{"start":{"line":80,"column":4},"end":{"line":80,"column":34}},"27":{"start":{"line":82,"column":4},"end":{"line":82,"column":50}},"28":{"start":{"line":83,"column":4},"end":{"line":83,"column":61}},"29":{"start":{"line":89,"column":13},"end":{"line":89,"column":41}},"30":{"start":{"line":90,"column":25},"end":{"line":90,"column":33}},"31":{"start":{"line":92,"column":2},"end":{"line":94,"column":3}},"32":{"start":{"line":93,"column":4},"end":{"line":93,"column":60}},"33":{"start":{"line":96,"column":2},"end":{"line":118,"column":3}},"34":{"start":{"line":97,"column":20},"end":{"line":99,"column":6}},"35":{"start":{"line":101,"column":4},"end":{"line":103,"column":5}},"36":{"start":{"line":102,"column":6},"end":{"line":102,"column":66}},"37":{"start":{"line":105,"column":4},"end":{"line":107,"column":5}},"38":{"start":{"line":106,"column":6},"end":{"line":106,"column":63}},"39":{"start":{"line":109,"column":20},"end":{"line":112,"column":6}},"40":{"start":{"line":114,"column":4},"end":{"line":114,"column":34}},"41":{"start":{"line":116,"column":4},"end":{"line":116,"column":49}},"42":{"start":{"line":117,"column":4},"end":{"line":117,"column":61}},"43":{"start":{"line":123,"column":13},"end":{"line":123,"column":41}},"44":{"start":{"line":125,"column":2},"end":{"line":146,"column":3}},"45":{"start":{"line":126,"column":20},"end":{"line":128,"column":6}},"46":{"start":{"line":130,"column":4},"end":{"line":132,"column":5}},"47":{"start":{"line":131,"column":6},"end":{"line":131,"column":66}},"48":{"start":{"line":134,"column":4},"end":{"line":136,"column":5}},"49":{"start":{"line":135,"column":6},"end":{"line":135,"column":63}},"50":{"start":{"line":138,"column":4},"end":{"line":140,"column":7}},"51":{"start":{"line":142,"column":4},"end":{"line":142,"column":27}},"52":{"start":{"line":144,"column":4},"end":{"line":144,"column":49}},"53":{"start":{"line":145,"column":4},"end":{"line":145,"column":61}}},"fnMap":{"0":{"name":"createBooking","decl":{"start":{"line":4,"column":22},"end":{"line":4,"column":35}},"loc":{"start":{"line":4,"column":46},"end":{"line":41,"column":1}},"line":4},"1":{"name":"getBookings","decl":{"start":{"line":44,"column":22},"end":{"line":44,"column":33}},"loc":{"start":{"line":44,"column":44},"end":{"line":61,"column":1}},"line":44},"2":{"name":"getBookingById","decl":{"start":{"line":64,"column":22},"end":{"line":64,"column":36}},"loc":{"start":{"line":64,"column":47},"end":{"line":85,"column":1}},"line":64},"3":{"name":"updateBooking","decl":{"start":{"line":88,"column":22},"end":{"line":88,"column":35}},"loc":{"start":{"line":88,"column":46},"end":{"line":119,"column":1}},"line":88},"4":{"name":"deleteBooking","decl":{"start":{"line":122,"column":22},"end":{"line":122,"column":35}},"loc":{"start":{"line":122,"column":46},"end":{"line":147,"column":1}},"line":122}},"branchMap":{"0":{"loc":{"start":{"line":9,"column":2},"end":{"line":11,"column":3}},"type":"if","locations":[{"start":{"line":9,"column":2},"end":{"line":11,"column":3}},{"start":{},"end":{}}],"line":9},"1":{"loc":{"start":{"line":9,"column":6},"end":{"line":9,"column":62}},"type":"binary-expr","locations":[{"start":{"line":9,"column":6},"end":{"line":9,"column":14}},{"start":{"line":9,"column":18},"end":{"line":9,"column":39}},{"start":{"line":9,"column":43},"end":{"line":9,"column":62}}],"line":9},"2":{"loc":{"start":{"line":18,"column":4},"end":{"line":20,"column":5}},"type":"if","locations":[{"start":{"line":18,"column":4},"end":{"line":20,"column":5}},{"start":{},"end":{}}],"line":18},"3":{"loc":{"start":{"line":48,"column":4},"end":{"line":54,"column":5}},"type":"if","locations":[{"start":{"line":48,"column":4},"end":{"line":54,"column":5}},{"start":{"line":50,"column":11},"end":{"line":54,"column":5}}],"line":48},"4":{"loc":{"start":{"line":72,"column":4},"end":{"line":74,"column":5}},"type":"if","locations":[{"start":{"line":72,"column":4},"end":{"line":74,"column":5}},{"start":{},"end":{}}],"line":72},"5":{"loc":{"start":{"line":76,"column":4},"end":{"line":78,"column":5}},"type":"if","locations":[{"start":{"line":76,"column":4},"end":{"line":78,"column":5}},{"start":{},"end":{}}],"line":76},"6":{"loc":{"start":{"line":76,"column":8},"end":{"line":76,"column":68}},"type":"binary-expr","locations":[{"start":{"line":76,"column":8},"end":{"line":76,"column":39}},{"start":{"line":76,"column":43},"end":{"line":76,"column":68}}],"line":76},"7":{"loc":{"start":{"line":92,"column":2},"end":{"line":94,"column":3}},"type":"if","locations":[{"start":{"line":92,"column":2},"end":{"line":94,"column":3}},{"start":{},"end":{}}],"line":92},"8":{"loc":{"start":{"line":92,"column":6},"end":{"line":92,"column":55}},"type":"binary-expr","locations":[{"start":{"line":92,"column":6},"end":{"line":92,"column":36}},{"start":{"line":92,"column":40},"end":{"line":92,"column":55}}],"line":92},"9":{"loc":{"start":{"line":101,"column":4},"end":{"line":103,"column":5}},"type":"if","locations":[{"start":{"line":101,"column":4},"end":{"line":103,"column":5}},{"start":{},"end":{}}],"line":101},"10":{"loc":{"start":{"line":105,"column":4},"end":{"line":107,"column":5}},"type":"if","locations":[{"start":{"line":105,"column":4},"end":{"line":107,"column":5}},{"start":{},"end":{}}],"line":105},"11":{"loc":{"start":{"line":130,"column":4},"end":{"line":132,"column":5}},"type":"if","locations":[{"start":{"line":130,"column":4},"end":{"line":132,"column":5}},{"start":{},"end":{}}],"line":130},"12":{"loc":{"start":{"line":134,"column":4},"end":{"line":136,"column":5}},"type":"if","locations":[{"start":{"line":134,"column":4},"end":{"line":136,"column":5}},{"start":{},"end":{}}],"line":134}},"s":{"0":2,"1":2,"2":2,"3":1,"4":1,"5":1,"6":1,"7":0,"8":1,"9":1,"10":0,"11":0,"12":1,"13":1,"14":1,"15":0,"16":1,"17":0,"18":0,"19":0,"20":0,"21":0,"22":0,"23":0,"24":0,"25":0,"26":0,"27":0,"28":0,"29":0,"30":0,"31":0,"32":0,"33":0,"34":0,"35":0,"36":0,"37":0,"38":0,"39":0,"40":0,"41":0,"42":0,"43":0,"44":0,"45":0,"46":0,"47":0,"48":0,"49":0,"50":0,"51":0,"52":0,"53":0},"f":{"0":2,"1":1,"2":0,"3":0,"4":0},"b":{"0":[1,1],"1":[2,1,1],"2":[0,1],"3":[1,0],"4":[0,0],"5":[0,0],"6":[0,0],"7":[0,0],"8":[0,0],"9":[0,0],"10":[0,0],"11":[0,0],"12":[0,0]},"inputSourceMap":null,"_coverageSchema":"1a1c01bbd47fc00a2c39e90264f33305004495a9","hash":"55d4a92c8bf76d1c0dad28f3b879a6d2dfb2c5c1"}
,"C:\\Users\\Leona\\OneDrive\\Documents\\blog-app\\Final Project\\src\\controllers\\eventController.js": {"path":"C:\\Users\\Leona\\OneDrive\\Documents\\blog-app\\Final Project\\src\\controllers\\eventController.js","statementMap":{"0":{"start":{"line":5,"column":62},"end":{"line":5,"column":70}},"1":{"start":{"line":7,"column":2},"end":{"line":9,"column":3}},"2":{"start":{"line":8,"column":4},"end":{"line":8,"column":60}},"3":{"start":{"line":11,"column":2},"end":{"line":37,"column":3}},"4":{"start":{"line":12,"column":18},"end":{"line":14,"column":6}},"5":{"start":{"line":16,"column":4},"end":{"line":18,"column":5}},"6":{"start":{"line":17,"column":6},"end":{"line":17,"column":64}},"7":{"start":{"line":20,"column":18},"end":{"line":28,"column":6}},"8":{"start":{"line":30,"column":4},"end":{"line":33,"column":7}},"9":{"start":{"line":35,"column":4},"end":{"line":35,"column":47}},"10":{"start":{"line":36,"column":4},"end":{"line":36,"column":61}},"11":{"start":{"line":42,"column":2},"end":{"line":48,"column":3}},"12":{"start":{"line":43,"column":19},"end":{"line":43,"column":48}},"13":{"start":{"line":44,"column":4},"end":{"line":44,"column":33}},"14":{"start":{"line":46,"column":4},"end":{"line":46,"column":48}},"15":{"start":{"line":47,"column":4},"end":{"line":47,"column":61}},"16":{"start":{"line":53,"column":13},"end":{"line":53,"column":39}},"17":{"start":{"line":55,"column":2},"end":{"line":68,"column":3}},"18":{"start":{"line":56,"column":18},"end":{"line":58,"column":6}},"19":{"start":{"line":60,"column":4},"end":{"line":62,"column":5}},"20":{"start":{"line":61,"column":6},"end":{"line":61,"column":64}},"21":{"start":{"line":64,"column":4},"end":{"line":64,"column":32}},"22":{"start":{"line":66,"column":4},"end":{"line":66,"column":48}},"23":{"start":{"line":67,"column":4},"end":{"line":67,"column":61}},"24":{"start":{"line":73,"column":13},"end":{"line":73,"column":39}},"25":{"start":{"line":74,"column":62},"end":{"line":74,"column":70}},"26":{"start":{"line":76,"column":2},"end":{"line":100,"column":3}},"27":{"start":{"line":77,"column":21},"end":{"line":79,"column":6}},"28":{"start":{"line":81,"column":4},"end":{"line":83,"column":5}},"29":{"start":{"line":82,"column":6},"end":{"line":82,"column":64}},"30":{"start":{"line":85,"column":20},"end":{"line":94,"column":6}},"31":{"start":{"line":96,"column":4},"end":{"line":96,"column":34}},"32":{"start":{"line":98,"column":4},"end":{"line":98,"column":47}},"33":{"start":{"line":99,"column":4},"end":{"line":99,"column":61}},"34":{"start":{"line":105,"column":13},"end":{"line":105,"column":39}},"35":{"start":{"line":107,"column":2},"end":{"line":124,"column":3}},"36":{"start":{"line":108,"column":21},"end":{"line":110,"column":6}},"37":{"start":{"line":112,"column":4},"end":{"line":114,"column":5}},"38":{"start":{"line":113,"column":6},"end":{"line":113,"column":64}},"39":{"start":{"line":116,"column":4},"end":{"line":118,"column":7}},"40":{"start":{"line":120,"column":4},"end":{"line":120,"column":27}},"41":{"start":{"line":122,"column":4},"end":{"line":122,"column":47}},"42":{"start":{"line":123,"column":4},"end":{"line":123,"column":61}}},"fnMap":{"0":{"name":"createEvent","decl":{"start":{"line":4,"column":22},"end":{"line":4,"column":33}},"loc":{"start":{"line":4,"column":44},"end":{"line":38,"column":1}},"line":4},"1":{"name":"getAllEvents","decl":{"start":{"line":41,"column":22},"end":{"line":41,"column":34}},"loc":{"start":{"line":41,"column":45},"end":{"line":49,"column":1}},"line":41},"2":{"name":"getEventById","decl":{"start":{"line":52,"column":22},"end":{"line":52,"column":34}},"loc":{"start":{"line":52,"column":45},"end":{"line":69,"column":1}},"line":52},"3":{"name":"updateEvent","decl":{"start":{"line":72,"column":22},"end":{"line":72,"column":33}},"loc":{"start":{"line":72,"column":44},"end":{"line":101,"column":1}},"line":72},"4":{"name":"deleteEvent","decl":{"start":{"line":104,"column":22},"end":{"line":104,"column":33}},"loc":{"start":{"line":104,"column":44},"end":{"line":125,"column":1}},"line":104}},"branchMap":{"0":{"loc":{"start":{"line":7,"column":2},"end":{"line":9,"column":3}},"type":"if","locations":[{"start":{"line":7,"column":2},"end":{"line":9,"column":3}},{"start":{},"end":{}}],"line":7},"1":{"loc":{"start":{"line":7,"column":6},"end":{"line":7,"column":66}},"type":"binary-expr","locations":[{"start":{"line":7,"column":6},"end":{"line":7,"column":12}},{"start":{"line":7,"column":16},"end":{"line":7,"column":28}},{"start":{"line":7,"column":32},"end":{"line":7,"column":42}},{"start":{"line":7,"column":46},"end":{"line":7,"column":54}},{"start":{"line":7,"column":58},"end":{"line":7,"column":66}}],"line":7},"2":{"loc":{"start":{"line":16,"column":4},"end":{"line":18,"column":5}},"type":"if","locations":[{"start":{"line":16,"column":4},"end":{"line":18,"column":5}},{"start":{},"end":{}}],"line":16},"3":{"loc":{"start":{"line":60,"column":4},"end":{"line":62,"column":5}},"type":"if","locations":[{"start":{"line":60,"column":4},"end":{"line":62,"column":5}},{"start":{},"end":{}}],"line":60},"4":{"loc":{"start":{"line":81,"column":4},"end":{"line":83,"column":5}},"type":"if","locations":[{"start":{"line":81,"column":4},"end":{"line":83,"column":5}},{"start":{},"end":{}}],"line":81},"5":{"loc":{"start":{"line":88,"column":15},"end":{"line":88,"column":38}},"type":"binary-expr","locations":[{"start":{"line":88,"column":15},"end":{"line":88,"column":20}},{"start":{"line":88,"column":24},"end":{"line":88,"column":38}}],"line":88},"6":{"loc":{"start":{"line":89,"column":21},"end":{"line":89,"column":56}},"type":"binary-expr","locations":[{"start":{"line":89,"column":21},"end":{"line":89,"column":32}},{"start":{"line":89,"column":36},"end":{"line":89,"column":56}}],"line":89},"7":{"loc":{"start":{"line":90,"column":19},"end":{"line":90,"column":71}},"type":"cond-expr","locations":[{"start":{"line":90,"column":31},"end":{"line":90,"column":50}},{"start":{"line":90,"column":53},"end":{"line":90,"column":71}}],"line":90},"8":{"loc":{"start":{"line":91,"column":17},"end":{"line":91,"column":63}},"type":"cond-expr","locations":[{"start":{"line":91,"column":27},"end":{"line":91,"column":44}},{"start":{"line":91,"column":47},"end":{"line":91,"column":63}}],"line":91},"9":{"loc":{"start":{"line":92,"column":17},"end":{"line":92,"column":61}},"type":"cond-expr","locations":[{"start":{"line":92,"column":27},"end":{"line":92,"column":42}},{"start":{"line":92,"column":45},"end":{"line":92,"column":61}}],"line":92},"10":{"loc":{"start":{"line":112,"column":4},"end":{"line":114,"column":5}},"type":"if","locations":[{"start":{"line":112,"column":4},"end":{"line":114,"column":5}},{"start":{},"end":{}}],"line":112}},"s":{"0":1,"1":1,"2":0,"3":1,"4":1,"5":1,"6":0,"7":1,"8":1,"9":0,"10":0,"11":2,"12":2,"13":2,"14":0,"15":0,"16":0,"17":0,"18":0,"19":0,"20":0,"21":0,"22":0,"23":0,"24":0,"25":0,"26":0,"27":0,"28":0,"29":0,"30":0,"31":0,"32":0,"33":0,"34":0,"35":0,"36":0,"37":0,"38":0,"39":0,"40":0,"41":0,"42":0},"f":{"0":1,"1":2,"2":0,"3":0,"4":0},"b":{"0":[0,1],"1":[1,1,1,1,1],"2":[0,1],"3":[0,0],"4":[0,0],"5":[0,0],"6":[0,0],"7":[0,0],"8":[0,0],"9":[0,0],"10":[0,0]},"inputSourceMap":null,"_coverageSchema":"1a1c01bbd47fc00a2c39e90264f33305004495a9","hash":"994b1515f5e340e368292e9928cb409ae6a07320"}
,"C:\\Users\\Leona\\OneDrive\\Documents\\blog-app\\Final Project\\src\\controllers\\venueController.js": {"path":"C:\\Users\\Leona\\OneDrive\\Documents\\blog-app\\Final Project\\src\\controllers\\venueController.js","statementMap":{"0":{"start":{"line":5,"column":2},"end":{"line":11,"column":3}},"1":{"start":{"line":6,"column":19},"end":{"line":6,"column":48}},"2":{"start":{"line":7,"column":4},"end":{"line":7,"column":33}},"3":{"start":{"line":9,"column":4},"end":{"line":9,"column":48}},"4":{"start":{"line":10,"column":4},"end":{"line":10,"column":61}},"5":{"start":{"line":16,"column":44},"end":{"line":16,"column":52}},"6":{"start":{"line":17,"column":26},"end":{"line":17,"column":42}},"7":{"start":{"line":19,"column":2},"end":{"line":21,"column":3}},"8":{"start":{"line":20,"column":4},"end":{"line":20,"column":60}},"9":{"start":{"line":23,"column":2},"end":{"line":36,"column":3}},"10":{"start":{"line":24,"column":18},"end":{"line":26,"column":6}},"11":{"start":{"line":28,"column":4},"end":{"line":32,"column":7}},"12":{"start":{"line":34,"column":4},"end":{"line":34,"column":47}},"13":{"start":{"line":35,"column":4},"end":{"line":35,"column":61}},"14":{"start":{"line":41,"column":13},"end":{"line":41,"column":41}},"15":{"start":{"line":43,"column":2},"end":{"line":56,"column":3}},"16":{"start":{"line":44,"column":18},"end":{"line":46,"column":6}},"17":{"start":{"line":48,"column":4},"end":{"line":50,"column":5}},"18":{"start":{"line":49,"column":6},"end":{"line":49,"column":64}},"19":{"start":{"line":52,"column":4},"end":{"line":52,"column":32}},"20":{"start":{"line":54,"column":4},"end":{"line":54,"column":48}},"21":{"start":{"line":55,"column":4},"end":{"line":55,"column":61}},"22":{"start":{"line":61,"column":13},"end":{"line":61,"column":41}},"23":{"start":{"line":62,"column":44},"end":{"line":62,"column":52}},"24":{"start":{"line":63,"column":26},"end":{"line":63,"column":42}},"25":{"start":{"line":65,"column":2},"end":{"line":80,"column":3}},"26":{"start":{"line":66,"column":21},"end":{"line":66,"column":78}},"27":{"start":{"line":67,"column":4},"end":{"line":69,"column":5}},"28":{"start":{"line":68,"column":6},"end":{"line":68,"column":64}},"29":{"start":{"line":71,"column":20},"end":{"line":74,"column":6}},"30":{"start":{"line":76,"column":4},"end":{"line":76,"column":34}},"31":{"start":{"line":78,"column":4},"end":{"line":78,"column":47}},"32":{"start":{"line":79,"column":4},"end":{"line":79,"column":61}},"33":{"start":{"line":85,"column":13},"end":{"line":85,"column":41}},"34":{"start":{"line":87,"column":2},"end":{"line":98,"column":3}},"35":{"start":{"line":88,"column":21},"end":{"line":88,"column":78}},"36":{"start":{"line":89,"column":4},"end":{"line":91,"column":5}},"37":{"start":{"line":90,"column":6},"end":{"line":90,"column":64}},"38":{"start":{"line":93,"column":4},"end":{"line":93,"column":58}},"39":{"start":{"line":94,"column":4},"end":{"line":94,"column":27}},"40":{"start":{"line":96,"column":4},"end":{"line":96,"column":47}},"41":{"start":{"line":97,"column":4},"end":{"line":97,"column":61}}},"fnMap":{"0":{"name":"getAllVenues","decl":{"start":{"line":4,"column":22},"end":{"line":4,"column":34}},"loc":{"start":{"line":4,"column":45},"end":{"line":12,"column":1}},"line":4},"1":{"name":"createVenue","decl":{"start":{"line":15,"column":22},"end":{"line":15,"column":33}},"loc":{"start":{"line":15,"column":44},"end":{"line":37,"column":1}},"line":15},"2":{"name":"getVenueById","decl":{"start":{"line":40,"column":22},"end":{"line":40,"column":34}},"loc":{"start":{"line":40,"column":45},"end":{"line":57,"column":1}},"line":40},"3":{"name":"updateVenue","decl":{"start":{"line":60,"column":22},"end":{"line":60,"column":33}},"loc":{"start":{"line":60,"column":44},"end":{"line":81,"column":1}},"line":60},"4":{"name":"deleteVenue","decl":{"start":{"line":84,"column":22},"end":{"line":84,"column":33}},"loc":{"start":{"line":84,"column":44},"end":{"line":99,"column":1}},"line":84}},"branchMap":{"0":{"loc":{"start":{"line":19,"column":2},"end":{"line":21,"column":3}},"type":"if","locations":[{"start":{"line":19,"column":2},"end":{"line":21,"column":3}},{"start":{},"end":{}}],"line":19},"1":{"loc":{"start":{"line":19,"column":6},"end":{"line":19,"column":58}},"type":"binary-expr","locations":[{"start":{"line":19,"column":6},"end":{"line":19,"column":11}},{"start":{"line":19,"column":15},"end":{"line":19,"column":23}},{"start":{"line":19,"column":27},"end":{"line":19,"column":32}},{"start":{"line":19,"column":36},"end":{"line":19,"column":58}}],"line":19},"2":{"loc":{"start":{"line":48,"column":4},"end":{"line":50,"column":5}},"type":"if","locations":[{"start":{"line":48,"column":4},"end":{"line":50,"column":5}},{"start":{},"end":{}}],"line":48},"3":{"loc":{"start":{"line":67,"column":4},"end":{"line":69,"column":5}},"type":"if","locations":[{"start":{"line":67,"column":4},"end":{"line":69,"column":5}},{"start":{},"end":{}}],"line":67},"4":{"loc":{"start":{"line":89,"column":4},"end":{"line":91,"column":5}},"type":"if","locations":[{"start":{"line":89,"column":4},"end":{"line":91,"column":5}},{"start":{},"end":{}}],"line":89}},"s":{"0":2,"1":2,"2":2,"3":0,"4":0,"5":1,"6":1,"7":1,"8":0,"9":1,"10":1,"11":1,"12":0,"13":0,"14":0,"15":0,"16":0,"17":0,"18":0,"19":0,"20":0,"21":0,"22":0,"23":0,"24":0,"25":0,"26":0,"27":0,"28":0,"29":0,"30":0,"31":0,"32":0,"33":0,"34":0,"35":0,"36":0,"37":0,"38":0,"39":0,"40":0,"41":0},"f":{"0":2,"1":1,"2":0,"3":0,"4":0},"b":{"0":[0,1],"1":[1,1,1,1],"2":[0,0],"3":[0,0],"4":[0,0]},"inputSourceMap":null,"_coverageSchema":"1a1c01bbd47fc00a2c39e90264f33305004495a9","hash":"b8f6869d9a5bacb62ee261857f900fa5ec72667d"}
,"C:\\Users\\Leona\\OneDrive\\Documents\\blog-app\\Final Project\\src\\middleware\\auth.js": {"path":"C:\\Users\\Leona\\OneDrive\\Documents\\blog-app\\Final Project\\src\\middleware\\auth.js","statementMap":{"0":{"start":{"line":3,"column":19},"end":{"line":3,"column":41}},"1":{"start":{"line":6,"column":21},"end":{"line":6,"column":46}},"2":{"start":{"line":7,"column":2},"end":{"line":9,"column":3}},"3":{"start":{"line":8,"column":4},"end":{"line":8,"column":71}},"4":{"start":{"line":11,"column":16},"end":{"line":11,"column":40}},"5":{"start":{"line":13,"column":2},"end":{"line":19,"column":3}},"6":{"start":{"line":14,"column":20},"end":{"line":14,"column":49}},"7":{"start":{"line":15,"column":4},"end":{"line":15,"column":59}},"8":{"start":{"line":16,"column":4},"end":{"line":16,"column":11}},"9":{"start":{"line":18,"column":4},"end":{"line":18,"column":60}},"10":{"start":{"line":23,"column":2},"end":{"line":28,"column":4}},"11":{"start":{"line":24,"column":4},"end":{"line":26,"column":5}},"12":{"start":{"line":25,"column":6},"end":{"line":25,"column":58}},"13":{"start":{"line":27,"column":4},"end":{"line":27,"column":11}}},"fnMap":{"0":{"name":"authenticate","decl":{"start":{"line":5,"column":16},"end":{"line":5,"column":28}},"loc":{"start":{"line":5,"column":45},"end":{"line":20,"column":1}},"line":5},"1":{"name":"requireRole","decl":{"start":{"line":22,"column":16},"end":{"line":22,"column":27}},"loc":{"start":{"line":22,"column":34},"end":{"line":29,"column":1}},"line":22},"2":{"name":"(anonymous_2)","decl":{"start":{"line":23,"column":9},"end":{"line":23,"column":10}},"loc":{"start":{"line":23,"column":29},"end":{"line":28,"column":3}},"line":23}},"branchMap":{"0":{"loc":{"start":{"line":7,"column":2},"end":{"line":9,"column":3}},"type":"if","locations":[{"start":{"line":7,"column":2},"end":{"line":9,"column":3}},{"start":{},"end":{}}],"line":7},"1":{"loc":{"start":{"line":24,"column":4},"end":{"line":26,"column":5}},"type":"if","locations":[{"start":{"line":24,"column":4},"end":{"line":26,"column":5}},{"start":{},"end":{}}],"line":24}},"s":{"0":4,"1":4,"2":4,"3":0,"4":4,"5":4,"6":4,"7":2,"8":2,"9":2,"10":24,"11":2,"12":0,"13":2},"f":{"0":4,"1":24,"2":2},"b":{"0":[0,4],"1":[0,2]},"inputSourceMap":null,"_coverageSchema":"1a1c01bbd47fc00a2c39e90264f33305004495a9","hash":"2e9249633060fe9f0ab0de01027d076a3972ae78"}
,"C:\\Users\\Leona\\OneDrive\\Documents\\blog-app\\Final Project\\src\\middleware\\authMiddleware.js": {"path":"C:\\Users\\Leona\\OneDrive\\Documents\\blog-app\\Final Project\\src\\middleware\\authMiddleware.js","statementMap":{"0":{"start":{"line":3,"column":19},"end":{"line":3,"column":41}},"1":{"start":{"line":6,"column":21},"end":{"line":6,"column":46}},"2":{"start":{"line":8,"column":2},"end":{"line":10,"column":3}},"3":{"start":{"line":9,"column":4},"end":{"line":9,"column":59}},"4":{"start":{"line":12,"column":16},"end":{"line":12,"column":40}},"5":{"start":{"line":14,"column":2},"end":{"line":21,"column":3}},"6":{"start":{"line":15,"column":20},"end":{"line":15,"column":49}},"7":{"start":{"line":16,"column":4},"end":{"line":16,"column":23}},"8":{"start":{"line":17,"column":4},"end":{"line":17,"column":11}},"9":{"start":{"line":19,"column":4},"end":{"line":19,"column":52}},"10":{"start":{"line":20,"column":4},"end":{"line":20,"column":60}}},"fnMap":{"0":{"name":"authenticate","decl":{"start":{"line":5,"column":16},"end":{"line":5,"column":28}},"loc":{"start":{"line":5,"column":45},"end":{"line":22,"column":1}},"line":5}},"branchMap":{"0":{"loc":{"start":{"line":8,"column":2},"end":{"line":10,"column":3}},"type":"if","locations":[{"start":{"line":8,"column":2},"end":{"line":10,"column":3}},{"start":{},"end":{}}],"line":8},"1":{"loc":{"start":{"line":8,"column":6},"end":{"line":8,"column":54}},"type":"binary-expr","locations":[{"start":{"line":8,"column":6},"end":{"line":8,"column":17}},{"start":{"line":8,"column":21},"end":{"line":8,"column":54}}],"line":8}},"s":{"0":4,"1":3,"2":3,"3":0,"4":3,"5":3,"6":3,"7":3,"8":3,"9":0,"10":0},"f":{"0":3},"b":{"0":[0,3],"1":[3,3]},"inputSourceMap":null,"_coverageSchema":"1a1c01bbd47fc00a2c39e90264f33305004495a9","hash":"07643b806df91b984934e92a285a05b01c9e8981"}
,"C:\\Users\\Leona\\OneDrive\\Documents\\blog-app\\Final Project\\src\\middleware\\validation.js": {"path":"C:\\Users\\Leona\\OneDrive\\Documents\\blog-app\\Final Project\\src\\middleware\\validation.js","statementMap":{"0":{"start":{"line":2,"column":2},"end":{"line":10,"column":4}},"1":{"start":{"line":3,"column":16},"end":{"line":3,"column":37}},"2":{"start":{"line":4,"column":15},"end":{"line":4,"column":32}},"3":{"start":{"line":5,"column":4},"end":{"line":7,"column":5}},"4":{"start":{"line":6,"column":6},"end":{"line":6,"column":59}},"5":{"start":{"line":8,"column":4},"end":{"line":8,"column":31}},"6":{"start":{"line":9,"column":4},"end":{"line":9,"column":11}}},"fnMap":{"0":{"name":"validateIdParam","decl":{"start":{"line":1,"column":16},"end":{"line":1,"column":31}},"loc":{"start":{"line":1,"column":43},"end":{"line":11,"column":1}},"line":1},"1":{"name":"(anonymous_1)","decl":{"start":{"line":2,"column":9},"end":{"line":2,"column":10}},"loc":{"start":{"line":2,"column":29},"end":{"line":10,"column":3}},"line":2}},"branchMap":{"0":{"loc":{"start":{"line":5,"column":4},"end":{"line":7,"column":5}},"type":"if","locations":[{"start":{"line":5,"column":4},"end":{"line":7,"column":5}},{"start":{},"end":{}}],"line":5},"1":{"loc":{"start":{"line":5,"column":8},"end":{"line":5,"column":28}},"type":"binary-expr","locations":[{"start":{"line":5,"column":8},"end":{"line":5,"column":17}},{"start":{"line":5,"column":21},"end":{"line":5,"column":28}}],"line":5}},"s":{"0":36,"1":0,"2":0,"3":0,"4":0,"5":0,"6":0},"f":{"0":36,"1":0},"b":{"0":[0,0],"1":[0,0]},"inputSourceMap":null,"_coverageSchema":"1a1c01bbd47fc00a2c39e90264f33305004495a9","hash":"6aed7501f938a35b2a56cec1e1a0de6092faf3a0"}
,"C:\\Users\\Leona\\OneDrive\\Documents\\blog-app\\Final Project\\src\\routes\\authRoutes.js": {"path":"C:\\Users\\Leona\\OneDrive\\Documents\\blog-app\\Final Project\\src\\routes\\authRoutes.js","statementMap":{"0":{"start":{"line":4,"column":15},"end":{"line":4,"column":31}},"1":{"start":{"line":6,"column":0},"end":{"line":6,"column":31}},"2":{"start":{"line":7,"column":0},"end":{"line":7,"column":29}}},"fnMap":{},"branchMap":{},"s":{"0":4,"1":4,"2":4},"f":{},"b":{},"inputSourceMap":null,"_coverageSchema":"1a1c01bbd47fc00a2c39e90264f33305004495a9","hash":"46f70e6a28c0a682a6b10c7250813e21bc13cec0"}
,"C:\\Users\\Leona\\OneDrive\\Documents\\blog-app\\Final Project\\src\\routes\\bookingRoutes.js": {"path":"C:\\Users\\Leona\\OneDrive\\Documents\\blog-app\\Final Project\\src\\routes\\bookingRoutes.js","statementMap":{"0":{"start":{"line":13,"column":15},"end":{"line":13,"column":31}},"1":{"start":{"line":16,"column":0},"end":{"line":16,"column":46}},"2":{"start":{"line":19,"column":0},"end":{"line":19,"column":43}},"3":{"start":{"line":22,"column":0},"end":{"line":27,"column":2}},"4":{"start":{"line":30,"column":0},"end":{"line":35,"column":2}},"5":{"start":{"line":38,"column":0},"end":{"line":43,"column":2}}},"fnMap":{},"branchMap":{},"s":{"0":4,"1":4,"2":4,"3":4,"4":4,"5":4},"f":{},"b":{},"inputSourceMap":null,"_coverageSchema":"1a1c01bbd47fc00a2c39e90264f33305004495a9","hash":"154bd22b36368bb5e0a7140ee5d7242a82040d3f"}
,"C:\\Users\\Leona\\OneDrive\\Documents\\blog-app\\Final Project\\src\\routes\\eventRoutes.js": {"path":"C:\\Users\\Leona\\OneDrive\\Documents\\blog-app\\Final Project\\src\\routes\\eventRoutes.js","statementMap":{"0":{"start":{"line":12,"column":15},"end":{"line":12,"column":31}},"1":{"start":{"line":15,"column":0},"end":{"line":20,"column":2}},"2":{"start":{"line":23,"column":0},"end":{"line":23,"column":30}},"3":{"start":{"line":26,"column":0},"end":{"line":30,"column":2}},"4":{"start":{"line":33,"column":0},"end":{"line":39,"column":2}},"5":{"start":{"line":42,"column":0},"end":{"line":48,"column":2}}},"fnMap":{},"branchMap":{},"s":{"0":4,"1":4,"2":4,"3":4,"4":4,"5":4},"f":{},"b":{},"inputSourceMap":null,"_coverageSchema":"1a1c01bbd47fc00a2c39e90264f33305004495a9","hash":"ac9175912e0c8c43679ff61df1eedd3e3c0902fc"}
,"C:\\Users\\Leona\\OneDrive\\Documents\\blog-app\\Final Project\\src\\routes\\venueRoutes.js": {"path":"C:\\Users\\Leona\\OneDrive\\Documents\\blog-app\\Final Project\\src\\routes\\venueRoutes.js","statementMap":{"0":{"start":{"line":12,"column":15},"end":{"line":12,"column":31}},"1":{"start":{"line":15,"column":0},"end":{"line":15,"column":30}},"2":{"start":{"line":18,"column":0},"end":{"line":23,"column":2}},"3":{"start":{"line":26,"column":0},"end":{"line":30,"column":2}},"4":{"start":{"line":33,"column":0},"end":{"line":39,"column":2}},"5":{"start":{"line":42,"column":0},"end":{"line":48,"column":2}}},"fnMap":{},"branchMap":{},"s":{"0":4,"1":4,"2":4,"3":4,"4":4,"5":4},"f":{},"b":{},"inputSourceMap":null,"_coverageSchema":"1a1c01bbd47fc00a2c39e90264f33305004495a9","hash":"10fc0e9073b674ef57c80ac53947d80600a58057"}
}
