TN:
SF:src\app.js
FNF:0
FNH:0
DA:13,4
DA:15,4
DA:16,4
DA:17,4
DA:18,4
DA:21,4
DA:22,4
DA:24,0
DA:25,0
DA:28,4
DA:30,4
DA:31,4
DA:32,4
DA:33,4
LF:14
LH:12
BRDA:18,0,0,0
BRDA:18,0,1,4
BRF:2
BRH:1
end_of_record
TN:
SF:src\prismaClient.js
FNF:0
FNH:0
DA:2,4
LF:1
LH:1
BRF:0
BRH:0
end_of_record
TN:
SF:src\controllers\authController.js
FN:8,signup
FN:45,login
FNF:2
FNH:1
FNDA:0,signup
FNDA:4,login
DA:5,4
DA:9,0
DA:11,0
DA:12,0
DA:15,0
DA:16,0
DA:17,0
DA:18,0
DA:21,0
DA:22,0
DA:30,0
DA:36,0
DA:37,0
DA:46,4
DA:48,4
DA:49,0
DA:52,4
DA:53,4
DA:58,4
DA:60,4
DA:61,0
DA:64,4
DA:65,4
DA:67,4
DA:68,0
DA:72,4
DA:81,4
DA:83,0
DA:84,0
LF:29
LH:12
BRDA:11,0,0,0
BRDA:11,0,1,0
BRDA:11,1,0,0
BRDA:11,1,1,0
BRDA:17,2,0,0
BRDA:17,2,1,0
BRDA:26,3,0,0
BRDA:26,3,1,0
BRDA:48,4,0,0
BRDA:48,4,1,4
BRDA:48,5,0,4
BRDA:48,5,1,4
BRDA:60,6,0,0
BRDA:60,6,1,4
BRDA:67,7,0,0
BRDA:67,7,1,4
BRF:16
BRH:5
end_of_record
TN:
SF:src\controllers\bookingController.js
FN:4,createBooking
FN:44,getBookings
FN:64,getBookingById
FN:88,updateBooking
FN:122,deleteBooking
FNF:5
FNH:2
FNDA:2,createBooking
FNDA:1,getBookings
FNDA:0,getBookingById
FNDA:0,updateBooking
FNDA:0,deleteBooking
DA:5,2
DA:7,2
DA:9,2
DA:10,1
DA:13,1
DA:14,1
DA:18,1
DA:19,0
DA:22,1
DA:31,1
DA:38,0
DA:39,0
DA:45,1
DA:48,1
DA:49,1
DA:51,0
DA:56,1
DA:58,0
DA:59,0
DA:65,0
DA:67,0
DA:68,0
DA:72,0
DA:73,0
DA:76,0
DA:77,0
DA:80,0
DA:82,0
DA:83,0
DA:89,0
DA:90,0
DA:92,0
DA:93,0
DA:96,0
DA:97,0
DA:101,0
DA:102,0
DA:105,0
DA:106,0
DA:109,0
DA:114,0
DA:116,0
DA:117,0
DA:123,0
DA:125,0
DA:126,0
DA:130,0
DA:131,0
DA:134,0
DA:135,0
DA:138,0
DA:142,0
DA:144,0
DA:145,0
LF:54
LH:13
BRDA:9,0,0,1
BRDA:9,0,1,1
BRDA:9,1,0,2
BRDA:9,1,1,1
BRDA:9,1,2,1
BRDA:18,2,0,0
BRDA:18,2,1,1
BRDA:48,3,0,1
BRDA:48,3,1,0
BRDA:72,4,0,0
BRDA:72,4,1,0
BRDA:76,5,0,0
BRDA:76,5,1,0
BRDA:76,6,0,0
BRDA:76,6,1,0
BRDA:92,7,0,0
BRDA:92,7,1,0
BRDA:92,8,0,0
BRDA:92,8,1,0
BRDA:101,9,0,0
BRDA:101,9,1,0
BRDA:105,10,0,0
BRDA:105,10,1,0
BRDA:130,11,0,0
BRDA:130,11,1,0
BRDA:134,12,0,0
BRDA:134,12,1,0
BRF:27
BRH:7
end_of_record
TN:
SF:src\controllers\eventController.js
FN:4,createEvent
FN:41,getAllEvents
FN:52,getEventById
FN:72,updateEvent
FN:104,deleteEvent
FNF:5
FNH:2
FNDA:1,createEvent
FNDA:2,getAllEvents
FNDA:0,getEventById
FNDA:0,updateEvent
FNDA:0,deleteEvent
DA:5,1
DA:7,1
DA:8,0
DA:11,1
DA:12,1
DA:16,1
DA:17,0
DA:20,1
DA:30,1
DA:35,0
DA:36,0
DA:42,2
DA:43,2
DA:44,2
DA:46,0
DA:47,0
DA:53,0
DA:55,0
DA:56,0
DA:60,0
DA:61,0
DA:64,0
DA:66,0
DA:67,0
DA:73,0
DA:74,0
DA:76,0
DA:77,0
DA:81,0
DA:82,0
DA:85,0
DA:96,0
DA:98,0
DA:99,0
DA:105,0
DA:107,0
DA:108,0
DA:112,0
DA:113,0
DA:116,0
DA:120,0
DA:122,0
DA:123,0
LF:43
LH:10
BRDA:7,0,0,0
BRDA:7,0,1,1
BRDA:7,1,0,1
BRDA:7,1,1,1
BRDA:7,1,2,1
BRDA:7,1,3,1
BRDA:7,1,4,1
BRDA:16,2,0,0
BRDA:16,2,1,1
BRDA:60,3,0,0
BRDA:60,3,1,0
BRDA:81,4,0,0
BRDA:81,4,1,0
BRDA:88,5,0,0
BRDA:88,5,1,0
BRDA:89,6,0,0
BRDA:89,6,1,0
BRDA:90,7,0,0
BRDA:90,7,1,0
BRDA:91,8,0,0
BRDA:91,8,1,0
BRDA:92,9,0,0
BRDA:92,9,1,0
BRDA:112,10,0,0
BRDA:112,10,1,0
BRF:25
BRH:7
end_of_record
TN:
SF:src\controllers\venueController.js
FN:4,getAllVenues
FN:15,createVenue
FN:40,getVenueById
FN:60,updateVenue
FN:84,deleteVenue
FNF:5
FNH:2
FNDA:2,getAllVenues
FNDA:1,createVenue
FNDA:0,getVenueById
FNDA:0,updateVenue
FNDA:0,deleteVenue
DA:5,2
DA:6,2
DA:7,2
DA:9,0
DA:10,0
DA:16,1
DA:17,1
DA:19,1
DA:20,0
DA:23,1
DA:24,1
DA:28,1
DA:34,0
DA:35,0
DA:41,0
DA:43,0
DA:44,0
DA:48,0
DA:49,0
DA:52,0
DA:54,0
DA:55,0
DA:61,0
DA:62,0
DA:63,0
DA:65,0
DA:66,0
DA:67,0
DA:68,0
DA:71,0
DA:76,0
DA:78,0
DA:79,0
DA:85,0
DA:87,0
DA:88,0
DA:89,0
DA:90,0
DA:93,0
DA:94,0
DA:96,0
DA:97,0
LF:42
LH:9
BRDA:19,0,0,0
BRDA:19,0,1,1
BRDA:19,1,0,1
BRDA:19,1,1,1
BRDA:19,1,2,1
BRDA:19,1,3,1
BRDA:48,2,0,0
BRDA:48,2,1,0
BRDA:67,3,0,0
BRDA:67,3,1,0
BRDA:89,4,0,0
BRDA:89,4,1,0
BRF:12
BRH:5
end_of_record
TN:
SF:src\middleware\auth.js
FN:5,authenticate
FN:22,requireRole
FN:23,(anonymous_2)
FNF:3
FNH:3
FNDA:4,authenticate
FNDA:24,requireRole
FNDA:2,(anonymous_2)
DA:3,4
DA:6,4
DA:7,4
DA:8,0
DA:11,4
DA:13,4
DA:14,4
DA:15,2
DA:16,2
DA:18,2
DA:23,24
DA:24,2
DA:25,0
DA:27,2
LF:14
LH:12
BRDA:7,0,0,0
BRDA:7,0,1,4
BRDA:24,1,0,0
BRDA:24,1,1,2
BRF:4
BRH:2
end_of_record
TN:
SF:src\middleware\authMiddleware.js
FN:5,authenticate
FNF:1
FNH:1
FNDA:3,authenticate
DA:3,4
DA:6,3
DA:8,3
DA:9,0
DA:12,3
DA:14,3
DA:15,3
DA:16,3
DA:17,3
DA:19,0
DA:20,0
LF:11
LH:8
BRDA:8,0,0,0
BRDA:8,0,1,3
BRDA:8,1,0,3
BRDA:8,1,1,3
BRF:4
BRH:3
end_of_record
TN:
SF:src\middleware\validation.js
FN:1,validateIdParam
FN:2,(anonymous_1)
FNF:2
FNH:1
FNDA:36,validateIdParam
FNDA:0,(anonymous_1)
DA:2,36
DA:3,0
DA:4,0
DA:5,0
DA:6,0
DA:8,0
DA:9,0
LF:7
LH:1
BRDA:5,0,0,0
BRDA:5,0,1,0
BRDA:5,1,0,0
BRDA:5,1,1,0
BRF:4
BRH:0
end_of_record
TN:
SF:src\routes\authRoutes.js
FNF:0
FNH:0
DA:4,4
DA:6,4
DA:7,4
LF:3
LH:3
BRF:0
BRH:0
end_of_record
TN:
SF:src\routes\bookingRoutes.js
FNF:0
FNH:0
DA:13,4
DA:16,4
DA:19,4
DA:22,4
DA:30,4
DA:38,4
LF:6
LH:6
BRF:0
BRH:0
end_of_record
TN:
SF:src\routes\eventRoutes.js
FNF:0
FNH:0
DA:12,4
DA:15,4
DA:23,4
DA:26,4
DA:33,4
DA:42,4
LF:6
LH:6
BRF:0
BRH:0
end_of_record
TN:
SF:src\routes\venueRoutes.js
FNF:0
FNH:0
DA:12,4
DA:15,4
DA:18,4
DA:26,4
DA:33,4
DA:42,4
LF:6
LH:6
BRF:0
BRH:0
end_of_record
